mode: atomic
go-api-v1/api/v1/welcome/controller.go:12.34,14.2 1 1
go-api-v1/api/v1/welcome/controller.go:16.57,18.2 1 1
go-api-v1/api/v1/user/controller.go:27.34,29.2 1 5
go-api-v1/api/v1/user/controller.go:31.54,34.39 2 3
go-api-v1/api/v1/user/controller.go:38.2,38.39 1 2
go-api-v1/api/v1/user/controller.go:42.2,44.54 2 1
go-api-v1/api/v1/user/controller.go:34.39,36.3 1 1
go-api-v1/api/v1/user/controller.go:38.39,40.3 1 1
go-api-v1/api/v1/user/controller.go:47.53,50.26 2 1
go-api-v1/api/v1/user/controller.go:54.2,54.39 1 1
go-api-v1/api/v1/user/controller.go:50.26,52.3 1 1
go-api-v1/api/v1/user/controller.go:57.59,61.12 3 2
go-api-v1/api/v1/user/controller.go:65.2,65.38 1 1
go-api-v1/api/v1/user/controller.go:61.12,63.3 1 1
go-api-v1/api/v1/user/controller.go:68.62,72.39 3 3
go-api-v1/api/v1/user/controller.go:76.2,76.35 1 2
go-api-v1/api/v1/user/controller.go:80.2,83.49 3 1
go-api-v1/api/v1/user/controller.go:72.39,74.3 1 1
go-api-v1/api/v1/user/controller.go:76.35,78.3 1 1
go-api-v1/api/v1/user/controller.go:86.62,89.35 2 2
go-api-v1/api/v1/user/controller.go:93.2,95.49 2 1
go-api-v1/api/v1/user/controller.go:89.35,91.3 1 1
