mode: atomic
go-api-v1/api/v1/welcome/controller.go:12.34,14.2 1 1
go-api-v1/api/v1/welcome/controller.go:16.57,18.2 1 1
go-api-v1/api/v1/user/controller.go:21.34,23.2 1 2
go-api-v1/api/v1/user/controller.go:25.54,28.39 2 3
go-api-v1/api/v1/user/controller.go:32.2,32.39 1 2
go-api-v1/api/v1/user/controller.go:36.2,38.69 2 1
go-api-v1/api/v1/user/controller.go:28.39,30.3 1 1
go-api-v1/api/v1/user/controller.go:32.39,34.3 1 1
go-api-v1/api/v1/user/controller.go:41.59,45.12 3 2
go-api-v1/api/v1/user/controller.go:49.2,49.38 1 1
go-api-v1/api/v1/user/controller.go:45.12,47.3 1 1
